\BOOKMARK [0][-]{chapter.1}{Introduction}{}% 1
\BOOKMARK [1][-]{section.1.1}{Contexte du projet}{chapter.1}% 2
\BOOKMARK [1][-]{section.1.2}{LoRaWAN et la probl\351matique de s\351curit\351}{chapter.1}% 3
\BOOKMARK [0][-]{chapter.2}{Organisation}{}% 4
\BOOKMARK [1][-]{section.2.1}{M\351thode de travail}{chapter.2}% 5
\BOOKMARK [1][-]{section.2.2}{Logiciels utilis\351s}{chapter.2}% 6
\BOOKMARK [1][-]{section.2.3}{R\351partition des t\342ches}{chapter.2}% 7
\BOOKMARK [0][-]{chapter.3}{R\351alisation}{}% 8
\BOOKMARK [1][-]{section.3.1}{N\234ud}{chapter.3}% 9
\BOOKMARK [2][-]{subsection.3.1.1}{Tests Unitaire}{section.3.1}% 10
\BOOKMARK [2][-]{subsection.3.1.2}{Tests Int\351gration}{section.3.1}% 11
\BOOKMARK [2][-]{subsection.3.1.3}{Probl\350mes rencontr\351}{section.3.1}% 12
\BOOKMARK [2][-]{subsection.3.1.4}{Conclusion}{section.3.1}% 13
\BOOKMARK [1][-]{section.3.2}{Passerelle}{chapter.3}% 14
\BOOKMARK [2][-]{subsection.3.2.1}{Tests Unitaire}{section.3.2}% 15
\BOOKMARK [2][-]{subsection.3.2.2}{Tests Int\351gration}{section.3.2}% 16
\BOOKMARK [2][-]{subsection.3.2.3}{Probl\350mes rencontr\351}{section.3.2}% 17
\BOOKMARK [2][-]{subsection.3.2.4}{Conclusion}{section.3.2}% 18
\BOOKMARK [0][-]{chapter.4}{Conclusion}{}% 19
\BOOKMARK [0][-]{appendix.A}{Protocole caract\351risation flexiForce}{}% 20
