\BOOKMARK [0][-]{chapter.1}{\376\377\000I\000n\000t\000r\000o\000d\000u\000c\000t\000i\000o\000n}{}% 1
\BOOKMARK [1][-]{section.1.1}{\376\377\000M\000i\000s\000e\000\040\000a\000u\000\040\000p\000o\000i\000n\000t\000\040\000:\000\040\000v\000o\000c\000a\000b\000u\000l\000a\000i\000r\000e}{chapter.1}% 2
\BOOKMARK [1][-]{section.1.2}{\376\377\000S\000c\000h\000\351\000m\000a\000\040\000s\000i\000m\000p\000l\000i\000f\000i\000\351}{chapter.1}% 3
\BOOKMARK [0][-]{chapter.2}{\376\377\000S\000p\000\351\000c\000i\000f\000i\000c\000a\000t\000i\000o\000n\000s}{}% 4
\BOOKMARK [1][-]{section.2.1}{\376\377\000L\000e\000\040\000n\000o\000e\000u\000d}{chapter.2}% 5
\BOOKMARK [1][-]{section.2.2}{\376\377\000L\000a\000\040\000p\000a\000s\000s\000e\000r\000e\000l\000l\000e}{chapter.2}% 6
\BOOKMARK [1][-]{section.2.3}{\376\377\000N\000e\000t\000w\000o\000r\000k\000\040\000S\000e\000r\000v\000e\000r}{chapter.2}% 7
\BOOKMARK [1][-]{section.2.4}{\376\377\000A\000p\000p\000l\000i\000c\000a\000t\000i\000o\000n\000\040\000S\000e\000r\000v\000e\000r}{chapter.2}% 8
\BOOKMARK [0][-]{chapter.3}{\376\377\000P\000o\000i\000n\000t\000s\000\040\000d\040\031\000a\000c\000t\000i\000o\000n\000\040\000\050\000f\000o\000r\000m\000a\000t\000\040\000p\000o\000u\000p\000\351\000e\000s\000\040\000r\000u\000s\000s\000e\000s\000\051\000\040\000:}{}% 9
\BOOKMARK [0][-]{chapter.4}{\376\377\000S\000c\000h\000\351\000m\000a\000\040\000t\000e\000c\000h\000n\000i\000q\000u\000e\000\040\000d\000e\000s\000\040\000p\000r\000o\000t\000o\000t\000y\000p\000e\000s\000\040\000:}{}% 10
\BOOKMARK [0][-]{chapter.5}{\376\377\000A\000n\000a\000l\000y\000s\000e\000\040\000d\000e\000s\000\040\000r\000i\000s\000q\000u\000e\000s}{}% 11
\BOOKMARK [0][-]{chapter.6}{\376\377\000C\000o\000n\000t\000r\000a\000i\000n\000t\000e\000s\000\040\000:}{}% 12
\BOOKMARK [0][-]{chapter.7}{\376\377\000M\000a\000t\000\351\000r\000i\000e\000l\000\040\000:}{}% 13
\BOOKMARK [0][-]{chapter.8}{\376\377\000R\000\351\000p\000a\000r\000t\000i\000t\000i\000o\000n\000\040\000d\000e\000s\000\040\000t\000\342\000c\000h\000e\000s}{}% 14
\BOOKMARK [1][-]{section.8.1}{\376\377\000M\000\351\000t\000h\000o\000d\000o\000l\000o\000g\000i\000e}{chapter.8}% 15
\BOOKMARK [1][-]{section.8.2}{\376\377\000O\000r\000g\000a\000n\000i\000s\000a\000t\000i\000o\000n}{chapter.8}% 16
\BOOKMARK [0][-]{chapter.9}{\376\377\000M\000i\000s\000e\000\040\000e\000n\000\040\000p\000l\000a\000c\000e\000\040\000d\040\035\000u\000n\000\040\000r\000\351\000s\000e\000a\000u\000\040\000L\000o\000R\000a\000W\000A\000N\000\040\000s\000i\000m\000p\000l\000e}{}% 17
\BOOKMARK [1][-]{section.9.1}{\376\377\000M\000a\000t\000\351\000r\000i\000e\000l\000\040\000:}{chapter.9}% 18
\BOOKMARK [1][-]{section.9.2}{\376\377\000M\000i\000s\000e\000\040\000e\000n\000\040\000p\000l\000a\000c\000e\000\040\000d\000u\000\040\000n\000o\000e\000u\000d\000\040\000/\000\040\000c\000a\000r\000t\000e\000\040\000F\000i\000p\000y}{chapter.9}% 19
\BOOKMARK [1][-]{section.9.3}{\376\377\000P\000r\000o\000g\000r\000a\000m\000m\000a\000t\000i\000o\000n\000\040\000d\000u\000\040\000n\000o\000e\000u\000d}{chapter.9}% 20
\BOOKMARK [1][-]{section.9.4}{\376\377\000P\000r\000o\000g\000r\000a\000m\000m\000a\000t\000i\000o\000n\000\040\000d\000u\000\040\000n\000o\000e\000u\000d\000\040\000\340\000\040\000p\000a\000r\000t\000i\000r\000\040\000d\040\035\000e\000x\000e\000m\000p\000l\000e\000s}{chapter.9}% 21
\BOOKMARK [1][-]{section.9.5}{\376\377\000M\000i\000s\000e\000\040\000e\000n\000\040\000p\000l\000a\000c\000e\000\040\000d\000e\000\040\000l\000a\000\040\000p\000a\000r\000t\000i\000e\000\040\000p\000a\000s\000s\000e\000r\000e\000l\000l\000e\000\040\000/\000\040\000n\000e\000t\000w\000o\000r\000k\000\040\000s\000e\000r\000v\000e\000r\000\040\000/\000\040\000a\000p\000p\000l\000i\000c\000a\000t\000i\000o\000n\000\040\000s\000e\000r\000v\000e\000r}{chapter.9}% 22
\BOOKMARK [1][-]{section.9.6}{\376\377\000P\000r\000o\000b\000l\000\350\000m\000e\000s\000\040\000r\000e\000n\000c\000o\000n\000t\000r\000\351\000s}{chapter.9}% 23
\BOOKMARK [1][-]{section.9.7}{\376\377\000S\000o\000u\000r\000c\000e\000s\000:}{chapter.9}% 24
\BOOKMARK [0][-]{chapter.10}{\376\377\000I\000n\000d\000i\000c\000e\000s\000\040\000a\000n\000d\000\040\000t\000a\000b\000l\000e\000s}{}% 25
